<?xml version="1.0" encoding="UTF-8"?>
<testsuite xmlns:xsi="http://www.w3.org/2001/XMLSchema-instance" xsi:noNamespaceSchemaLocation="https://maven.apache.org/surefire/maven-surefire-plugin/xsd/surefire-test-report-3.0.xsd" version="3.0" name="com.planner.controller.MenuControllerTest" time="11.509" tests="3" errors="0" skipped="0" failures="0">
  <properties>
[...]
</properties>
  <testcase name="generatePlan_withQueryParams_returnsPlan" classname="com.planner.controller.MenuControllerTest" time="1.017">
    <system-out><![CDATA[13:57:57.503 [main] INFO org.springframework.test.context.support.AnnotationConfigContextLoaderUtils -- Could not detect default configuration classes for test class [com.planner.controller.MenuControllerTest]: MenuControllerTest does not declare any static, non-private, non-final, nested classes annotated with @Configuration.
13:57:57.721 [main] INFO org.springframework.boot.test.context.SpringBootTestContextBootstrapper -- Found @SpringBootConfiguration com.planner.MenuPlannerApplication for test class com.planner.controller.MenuControllerTest

  .   ____          _            __ _ _
 /\\ / ___'_ __ _ _(_)_ __  __ _ \ \ \ \
( ( )\___ | '_ | '_| | '_ \/ _` | \ \ \ \
 \\/  ___)| |_)| | | | | || (_| |  ) ) ) )
  '  |____| .__|_| |_|_| |_\__, | / / / /
 =========|_|==============|___/=/_/_/_/
 :: Spring Boot ::                (v3.2.0)

2025-11-28T13:57:58.531+03:00  INFO 17860 --- [           main] c.planner.controller.MenuControllerTest  : Starting MenuControllerTest using Java 21.0.9 with PID 17860 (started by Михаил in C:\Users\Михаил\Desktop\5SEMAKkursach\weekly-menu-planner-monolith\weekly-menu-planner)
2025-11-28T13:57:58.535+03:00  INFO 17860 --- [           main] c.planner.controller.MenuControllerTest  : No active profile set, falling back to 1 default profile: "default"
2025-11-28T13:57:59.996+03:00  INFO 17860 --- [           main] .s.d.r.c.RepositoryConfigurationDelegate : Bootstrapping Spring Data JPA repositories in DEFAULT mode.
2025-11-28T13:58:00.132+03:00  INFO 17860 --- [           main] .s.d.r.c.RepositoryConfigurationDelegate : Finished Spring Data repository scanning in 117 ms. Found 1 JPA repository interface.
2025-11-28T13:58:01.274+03:00  INFO 17860 --- [           main] o.hibernate.jpa.internal.util.LogHelper  : HHH000204: Processing PersistenceUnitInfo [name: default]
2025-11-28T13:58:01.603+03:00  INFO 17860 --- [           main] org.hibernate.Version                    : HHH000412: Hibernate ORM core version 6.3.1.Final
2025-11-28T13:58:01.700+03:00  INFO 17860 --- [           main] o.h.c.internal.RegionFactoryInitiator    : HHH000026: Second-level cache disabled
2025-11-28T13:58:02.158+03:00  INFO 17860 --- [           main] o.s.o.j.p.SpringPersistenceUnitInfo      : No LoadTimeWeaver setup: ignoring JPA class transformer
2025-11-28T13:58:02.204+03:00  INFO 17860 --- [           main] com.zaxxer.hikari.HikariDataSource       : HikariPool-1 - Starting...
2025-11-28T13:58:02.660+03:00  INFO 17860 --- [           main] com.zaxxer.hikari.pool.HikariPool        : HikariPool-1 - Added connection conn0: url=jdbc:h2:mem:plannerdb user=SA
2025-11-28T13:58:02.663+03:00  INFO 17860 --- [           main] com.zaxxer.hikari.HikariDataSource       : HikariPool-1 - Start completed.
2025-11-28T13:58:02.743+03:00  WARN 17860 --- [           main] org.hibernate.orm.deprecation            : HHH90000025: H2Dialect does not need to be specified explicitly using 'hibernate.dialect' (remove the property setting and it will be selected by default)
2025-11-28T13:58:03.947+03:00  INFO 17860 --- [           main] o.h.e.t.j.p.i.JtaPlatformInitiator       : HHH000489: No JTA platform available (set 'hibernate.transaction.jta.platform' to enable JTA platform integration)
Hibernate: create table recipes (id bigint generated by default as identity, calories integer, cooking_time integer, cuisine varchar(255), description TEXT, diet_type varchar(255), image_url varchar(255), ingredients TEXT, instructions TEXT, meal_type varchar(255) check (meal_type in ('BREAKFAST','SNACK','LUNCH','DINNER')), price integer, protein integer, title varchar(255), primary key (id))
2025-11-28T13:58:04.079+03:00  INFO 17860 --- [           main] j.LocalContainerEntityManagerFactoryBean : Initialized JPA EntityManagerFactory for persistence unit 'default'
2025-11-28T13:58:05.449+03:00  WARN 17860 --- [           main] JpaBaseConfiguration$JpaWebConfiguration : spring.jpa.open-in-view is enabled by default. Therefore, database queries may be performed during view rendering. Explicitly configure spring.jpa.open-in-view to disable this warning
2025-11-28T13:58:05.490+03:00  INFO 17860 --- [           main] o.s.b.a.w.s.WelcomePageHandlerMapping    : Adding welcome page: class path resource [static/index.html]
2025-11-28T13:58:06.261+03:00  INFO 17860 --- [           main] o.s.b.a.h2.H2ConsoleAutoConfiguration    : H2 console available at '/h2-console'. Database available at 'jdbc:h2:mem:plannerdb'
2025-11-28T13:58:06.406+03:00  INFO 17860 --- [           main] o.s.b.t.m.w.SpringBootMockServletContext : Initializing Spring TestDispatcherServlet ''
2025-11-28T13:58:06.406+03:00  INFO 17860 --- [           main] o.s.t.web.servlet.TestDispatcherServlet  : Initializing Servlet ''
2025-11-28T13:58:06.412+03:00  INFO 17860 --- [           main] o.s.t.web.servlet.TestDispatcherServlet  : Completed initialization in 3 ms
2025-11-28T13:58:06.453+03:00  INFO 17860 --- [           main] c.planner.controller.MenuControllerTest  : Started MenuControllerTest in 8.394 seconds (process running for 10.512)
Hibernate: select count(*) from recipes r1_0
Hibernate: insert into recipes (calories,cooking_time,cuisine,description,diet_type,image_url,ingredients,instructions,meal_type,price,protein,title,id) values (?,?,?,?,?,?,?,?,?,?,?,?,default)
Hibernate: insert into recipes (calories,cooking_time,cuisine,description,diet_type,image_url,ingredients,instructions,meal_type,price,protein,title,id) values (?,?,?,?,?,?,?,?,?,?,?,?,default)
Hibernate: insert into recipes (calories,cooking_time,cuisine,description,diet_type,image_url,ingredients,instructions,meal_type,price,protein,title,id) values (?,?,?,?,?,?,?,?,?,?,?,?,default)
Hibernate: insert into recipes (calories,cooking_time,cuisine,description,diet_type,image_url,ingredients,instructions,meal_type,price,protein,title,id) values (?,?,?,?,?,?,?,?,?,?,?,?,default)
Hibernate: insert into recipes (calories,cooking_time,cuisine,description,diet_type,image_url,ingredients,instructions,meal_type,price,protein,title,id) values (?,?,?,?,?,?,?,?,?,?,?,?,default)
Hibernate: insert into recipes (calories,cooking_time,cuisine,description,diet_type,image_url,ingredients,instructions,meal_type,price,protein,title,id) values (?,?,?,?,?,?,?,?,?,?,?,?,default)
Hibernate: insert into recipes (calories,cooking_time,cuisine,description,diet_type,image_url,ingredients,instructions,meal_type,price,protein,title,id) values (?,?,?,?,?,?,?,?,?,?,?,?,default)
Hibernate: insert into recipes (calories,cooking_time,cuisine,description,diet_type,image_url,ingredients,instructions,meal_type,price,protein,title,id) values (?,?,?,?,?,?,?,?,?,?,?,?,default)
Hibernate: insert into recipes (calories,cooking_time,cuisine,description,diet_type,image_url,ingredients,instructions,meal_type,price,protein,title,id) values (?,?,?,?,?,?,?,?,?,?,?,?,default)
Hibernate: insert into recipes (calories,cooking_time,cuisine,description,diet_type,image_url,ingredients,instructions,meal_type,price,protein,title,id) values (?,?,?,?,?,?,?,?,?,?,?,?,default)
Hibernate: insert into recipes (calories,cooking_time,cuisine,description,diet_type,image_url,ingredients,instructions,meal_type,price,protein,title,id) values (?,?,?,?,?,?,?,?,?,?,?,?,default)
Hibernate: insert into recipes (calories,cooking_time,cuisine,description,diet_type,image_url,ingredients,instructions,meal_type,price,protein,title,id) values (?,?,?,?,?,?,?,?,?,?,?,?,default)
Hibernate: insert into recipes (calories,cooking_time,cuisine,description,diet_type,image_url,ingredients,instructions,meal_type,price,protein,title,id) values (?,?,?,?,?,?,?,?,?,?,?,?,default)
Hibernate: insert into recipes (calories,cooking_time,cuisine,description,diet_type,image_url,ingredients,instructions,meal_type,price,protein,title,id) values (?,?,?,?,?,?,?,?,?,?,?,?,default)
Hibernate: insert into recipes (calories,cooking_time,cuisine,description,diet_type,image_url,ingredients,instructions,meal_type,price,protein,title,id) values (?,?,?,?,?,?,?,?,?,?,?,?,default)
Hibernate: insert into recipes (calories,cooking_time,cuisine,description,diet_type,image_url,ingredients,instructions,meal_type,price,protein,title,id) values (?,?,?,?,?,?,?,?,?,?,?,?,default)
Hibernate: insert into recipes (calories,cooking_time,cuisine,description,diet_type,image_url,ingredients,instructions,meal_type,price,protein,title,id) values (?,?,?,?,?,?,?,?,?,?,?,?,default)
Hibernate: insert into recipes (calories,cooking_time,cuisine,description,diet_type,image_url,ingredients,instructions,meal_type,price,protein,title,id) values (?,?,?,?,?,?,?,?,?,?,?,?,default)
Hibernate: insert into recipes (calories,cooking_time,cuisine,description,diet_type,image_url,ingredients,instructions,meal_type,price,protein,title,id) values (?,?,?,?,?,?,?,?,?,?,?,?,default)
Hibernate: insert into recipes (calories,cooking_time,cuisine,description,diet_type,image_url,ingredients,instructions,meal_type,price,protein,title,id) values (?,?,?,?,?,?,?,?,?,?,?,?,default)
Hibernate: insert into recipes (calories,cooking_time,cuisine,description,diet_type,image_url,ingredients,instructions,meal_type,price,protein,title,id) values (?,?,?,?,?,?,?,?,?,?,?,?,default)
Hibernate: insert into recipes (calories,cooking_time,cuisine,description,diet_type,image_url,ingredients,instructions,meal_type,price,protein,title,id) values (?,?,?,?,?,?,?,?,?,?,?,?,default)
Hibernate: insert into recipes (calories,cooking_time,cuisine,description,diet_type,image_url,ingredients,instructions,meal_type,price,protein,title,id) values (?,?,?,?,?,?,?,?,?,?,?,?,default)
Hibernate: insert into recipes (calories,cooking_time,cuisine,description,diet_type,image_url,ingredients,instructions,meal_type,price,protein,title,id) values (?,?,?,?,?,?,?,?,?,?,?,?,default)
Hibernate: insert into recipes (calories,cooking_time,cuisine,description,diet_type,image_url,ingredients,instructions,meal_type,price,protein,title,id) values (?,?,?,?,?,?,?,?,?,?,?,?,default)
Hibernate: insert into recipes (calories,cooking_time,cuisine,description,diet_type,image_url,ingredients,instructions,meal_type,price,protein,title,id) values (?,?,?,?,?,?,?,?,?,?,?,?,default)
Hibernate: insert into recipes (calories,cooking_time,cuisine,description,diet_type,image_url,ingredients,instructions,meal_type,price,protein,title,id) values (?,?,?,?,?,?,?,?,?,?,?,?,default)
Hibernate: insert into recipes (calories,cooking_time,cuisine,description,diet_type,image_url,ingredients,instructions,meal_type,price,protein,title,id) values (?,?,?,?,?,?,?,?,?,?,?,?,default)
Hibernate: insert into recipes (calories,cooking_time,cuisine,description,diet_type,image_url,ingredients,instructions,meal_type,price,protein,title,id) values (?,?,?,?,?,?,?,?,?,?,?,?,default)
Hibernate: insert into recipes (calories,cooking_time,cuisine,description,diet_type,image_url,ingredients,instructions,meal_type,price,protein,title,id) values (?,?,?,?,?,?,?,?,?,?,?,?,default)
Hibernate: select r1_0.id,r1_0.calories,r1_0.cooking_time,r1_0.cuisine,r1_0.description,r1_0.diet_type,r1_0.image_url,r1_0.ingredients,r1_0.instructions,r1_0.meal_type,r1_0.price,r1_0.protein,r1_0.title from recipes r1_0 where r1_0.meal_type=?
Hibernate: select r1_0.id,r1_0.calories,r1_0.cooking_time,r1_0.cuisine,r1_0.description,r1_0.diet_type,r1_0.image_url,r1_0.ingredients,r1_0.instructions,r1_0.meal_type,r1_0.price,r1_0.protein,r1_0.title from recipes r1_0 where r1_0.meal_type=?
Hibernate: select r1_0.id,r1_0.calories,r1_0.cooking_time,r1_0.cuisine,r1_0.description,r1_0.diet_type,r1_0.image_url,r1_0.ingredients,r1_0.instructions,r1_0.meal_type,r1_0.price,r1_0.protein,r1_0.title from recipes r1_0 where r1_0.meal_type=?
Hibernate: select r1_0.id,r1_0.calories,r1_0.cooking_time,r1_0.cuisine,r1_0.description,r1_0.diet_type,r1_0.image_url,r1_0.ingredients,r1_0.instructions,r1_0.meal_type,r1_0.price,r1_0.protein,r1_0.title from recipes r1_0 where r1_0.meal_type=?
Hibernate: select r1_0.id,r1_0.calories,r1_0.cooking_time,r1_0.cuisine,r1_0.description,r1_0.diet_type,r1_0.image_url,r1_0.ingredients,r1_0.instructions,r1_0.meal_type,r1_0.price,r1_0.protein,r1_0.title from recipes r1_0 where r1_0.meal_type=?
Hibernate: select r1_0.id,r1_0.calories,r1_0.cooking_time,r1_0.cuisine,r1_0.description,r1_0.diet_type,r1_0.image_url,r1_0.ingredients,r1_0.instructions,r1_0.meal_type,r1_0.price,r1_0.protein,r1_0.title from recipes r1_0 where r1_0.meal_type=?
Hibernate: select r1_0.id,r1_0.calories,r1_0.cooking_time,r1_0.cuisine,r1_0.description,r1_0.diet_type,r1_0.image_url,r1_0.ingredients,r1_0.instructions,r1_0.meal_type,r1_0.price,r1_0.protein,r1_0.title from recipes r1_0 where r1_0.meal_type=?
Hibernate: select r1_0.id,r1_0.calories,r1_0.cooking_time,r1_0.cuisine,r1_0.description,r1_0.diet_type,r1_0.image_url,r1_0.ingredients,r1_0.instructions,r1_0.meal_type,r1_0.price,r1_0.protein,r1_0.title from recipes r1_0 where r1_0.meal_type=?
Hibernate: select r1_0.id,r1_0.calories,r1_0.cooking_time,r1_0.cuisine,r1_0.description,r1_0.diet_type,r1_0.image_url,r1_0.ingredients,r1_0.instructions,r1_0.meal_type,r1_0.price,r1_0.protein,r1_0.title from recipes r1_0 where r1_0.meal_type=?
Hibernate: select r1_0.id,r1_0.calories,r1_0.cooking_time,r1_0.cuisine,r1_0.description,r1_0.diet_type,r1_0.image_url,r1_0.ingredients,r1_0.instructions,r1_0.meal_type,r1_0.price,r1_0.protein,r1_0.title from recipes r1_0 where r1_0.meal_type=?
Hibernate: select r1_0.id,r1_0.calories,r1_0.cooking_time,r1_0.cuisine,r1_0.description,r1_0.diet_type,r1_0.image_url,r1_0.ingredients,r1_0.instructions,r1_0.meal_type,r1_0.price,r1_0.protein,r1_0.title from recipes r1_0 where r1_0.meal_type=?
Hibernate: select r1_0.id,r1_0.calories,r1_0.cooking_time,r1_0.cuisine,r1_0.description,r1_0.diet_type,r1_0.image_url,r1_0.ingredients,r1_0.instructions,r1_0.meal_type,r1_0.price,r1_0.protein,r1_0.title from recipes r1_0 where r1_0.meal_type=?
Hibernate: select r1_0.id,r1_0.calories,r1_0.cooking_time,r1_0.cuisine,r1_0.description,r1_0.diet_type,r1_0.image_url,r1_0.ingredients,r1_0.instructions,r1_0.meal_type,r1_0.price,r1_0.protein,r1_0.title from recipes r1_0 where r1_0.meal_type=?
Hibernate: select r1_0.id,r1_0.calories,r1_0.cooking_time,r1_0.cuisine,r1_0.description,r1_0.diet_type,r1_0.image_url,r1_0.ingredients,r1_0.instructions,r1_0.meal_type,r1_0.price,r1_0.protein,r1_0.title from recipes r1_0 where r1_0.meal_type=?
Hibernate: select r1_0.id,r1_0.calories,r1_0.cooking_time,r1_0.cuisine,r1_0.description,r1_0.diet_type,r1_0.image_url,r1_0.ingredients,r1_0.instructions,r1_0.meal_type,r1_0.price,r1_0.protein,r1_0.title from recipes r1_0 where r1_0.meal_type=?
Hibernate: select r1_0.id,r1_0.calories,r1_0.cooking_time,r1_0.cuisine,r1_0.description,r1_0.diet_type,r1_0.image_url,r1_0.ingredients,r1_0.instructions,r1_0.meal_type,r1_0.price,r1_0.protein,r1_0.title from recipes r1_0 where r1_0.meal_type=?
Hibernate: select r1_0.id,r1_0.calories,r1_0.cooking_time,r1_0.cuisine,r1_0.description,r1_0.diet_type,r1_0.image_url,r1_0.ingredients,r1_0.instructions,r1_0.meal_type,r1_0.price,r1_0.protein,r1_0.title from recipes r1_0 where r1_0.meal_type=?
Hibernate: select r1_0.id,r1_0.calories,r1_0.cooking_time,r1_0.cuisine,r1_0.description,r1_0.diet_type,r1_0.image_url,r1_0.ingredients,r1_0.instructions,r1_0.meal_type,r1_0.price,r1_0.protein,r1_0.title from recipes r1_0 where r1_0.meal_type=?
Hibernate: select r1_0.id,r1_0.calories,r1_0.cooking_time,r1_0.cuisine,r1_0.description,r1_0.diet_type,r1_0.image_url,r1_0.ingredients,r1_0.instructions,r1_0.meal_type,r1_0.price,r1_0.protein,r1_0.title from recipes r1_0 where r1_0.meal_type=?
Hibernate: select r1_0.id,r1_0.calories,r1_0.cooking_time,r1_0.cuisine,r1_0.description,r1_0.diet_type,r1_0.image_url,r1_0.ingredients,r1_0.instructions,r1_0.meal_type,r1_0.price,r1_0.protein,r1_0.title from recipes r1_0 where r1_0.meal_type=?
Hibernate: select r1_0.id,r1_0.calories,r1_0.cooking_time,r1_0.cuisine,r1_0.description,r1_0.diet_type,r1_0.image_url,r1_0.ingredients,r1_0.instructions,r1_0.meal_type,r1_0.price,r1_0.protein,r1_0.title from recipes r1_0 where r1_0.meal_type=?
]]></system-out>
    <system-err><![CDATA[WARNING: A Java agent has been loaded dynamically (C:\Users\Ìèõàèë\.m2\repository\net\bytebuddy\byte-buddy-agent\1.14.10\byte-buddy-agent-1.14.10.jar)
WARNING: If a serviceability tool is in use, please run with -XX:+EnableDynamicAgentLoading to hide this warning
WARNING: If a serviceability tool is not in use, please run with -Djdk.instrument.traceUsage for more information
WARNING: Dynamic loading of agents will be disallowed by default in a future release
]]></system-err>
  </testcase>
  <testcase name="getAllRecipes_returnsOk" classname="com.planner.controller.MenuControllerTest" time="0.022">
    <system-out><![CDATA[Hibernate: select r1_0.id,r1_0.calories,r1_0.cooking_time,r1_0.cuisine,r1_0.description,r1_0.diet_type,r1_0.image_url,r1_0.ingredients,r1_0.instructions,r1_0.meal_type,r1_0.price,r1_0.protein,r1_0.title from recipes r1_0
]]></system-out>
  </testcase>
  <testcase name="generatePlan_withBasicRequest_returnsPlan" classname="com.planner.controller.MenuControllerTest" time="0.105">
    <system-out><![CDATA[Hibernate: select r1_0.id,r1_0.calories,r1_0.cooking_time,r1_0.cuisine,r1_0.description,r1_0.diet_type,r1_0.image_url,r1_0.ingredients,r1_0.instructions,r1_0.meal_type,r1_0.price,r1_0.protein,r1_0.title from recipes r1_0 where r1_0.meal_type=?
Hibernate: select r1_0.id,r1_0.calories,r1_0.cooking_time,r1_0.cuisine,r1_0.description,r1_0.diet_type,r1_0.image_url,r1_0.ingredients,r1_0.instructions,r1_0.meal_type,r1_0.price,r1_0.protein,r1_0.title from recipes r1_0 where r1_0.meal_type=?
Hibernate: select r1_0.id,r1_0.calories,r1_0.cooking_time,r1_0.cuisine,r1_0.description,r1_0.diet_type,r1_0.image_url,r1_0.ingredients,r1_0.instructions,r1_0.meal_type,r1_0.price,r1_0.protein,r1_0.title from recipes r1_0 where r1_0.meal_type=?
Hibernate: select r1_0.id,r1_0.calories,r1_0.cooking_time,r1_0.cuisine,r1_0.description,r1_0.diet_type,r1_0.image_url,r1_0.ingredients,r1_0.instructions,r1_0.meal_type,r1_0.price,r1_0.protein,r1_0.title from recipes r1_0 where r1_0.meal_type=?
Hibernate: select r1_0.id,r1_0.calories,r1_0.cooking_time,r1_0.cuisine,r1_0.description,r1_0.diet_type,r1_0.image_url,r1_0.ingredients,r1_0.instructions,r1_0.meal_type,r1_0.price,r1_0.protein,r1_0.title from recipes r1_0 where r1_0.meal_type=?
Hibernate: select r1_0.id,r1_0.calories,r1_0.cooking_time,r1_0.cuisine,r1_0.description,r1_0.diet_type,r1_0.image_url,r1_0.ingredients,r1_0.instructions,r1_0.meal_type,r1_0.price,r1_0.protein,r1_0.title from recipes r1_0 where r1_0.meal_type=?
Hibernate: select r1_0.id,r1_0.calories,r1_0.cooking_time,r1_0.cuisine,r1_0.description,r1_0.diet_type,r1_0.image_url,r1_0.ingredients,r1_0.instructions,r1_0.meal_type,r1_0.price,r1_0.protein,r1_0.title from recipes r1_0 where r1_0.meal_type=?
Hibernate: select r1_0.id,r1_0.calories,r1_0.cooking_time,r1_0.cuisine,r1_0.description,r1_0.diet_type,r1_0.image_url,r1_0.ingredients,r1_0.instructions,r1_0.meal_type,r1_0.price,r1_0.protein,r1_0.title from recipes r1_0 where r1_0.meal_type=?
Hibernate: select r1_0.id,r1_0.calories,r1_0.cooking_time,r1_0.cuisine,r1_0.description,r1_0.diet_type,r1_0.image_url,r1_0.ingredients,r1_0.instructions,r1_0.meal_type,r1_0.price,r1_0.protein,r1_0.title from recipes r1_0 where r1_0.meal_type=?
Hibernate: select r1_0.id,r1_0.calories,r1_0.cooking_time,r1_0.cuisine,r1_0.description,r1_0.diet_type,r1_0.image_url,r1_0.ingredients,r1_0.instructions,r1_0.meal_type,r1_0.price,r1_0.protein,r1_0.title from recipes r1_0 where r1_0.meal_type=?
Hibernate: select r1_0.id,r1_0.calories,r1_0.cooking_time,r1_0.cuisine,r1_0.description,r1_0.diet_type,r1_0.image_url,r1_0.ingredients,r1_0.instructions,r1_0.meal_type,r1_0.price,r1_0.protein,r1_0.title from recipes r1_0 where r1_0.meal_type=?
Hibernate: select r1_0.id,r1_0.calories,r1_0.cooking_time,r1_0.cuisine,r1_0.description,r1_0.diet_type,r1_0.image_url,r1_0.ingredients,r1_0.instructions,r1_0.meal_type,r1_0.price,r1_0.protein,r1_0.title from recipes r1_0 where r1_0.meal_type=?
Hibernate: select r1_0.id,r1_0.calories,r1_0.cooking_time,r1_0.cuisine,r1_0.description,r1_0.diet_type,r1_0.image_url,r1_0.ingredients,r1_0.instructions,r1_0.meal_type,r1_0.price,r1_0.protein,r1_0.title from recipes r1_0 where r1_0.meal_type=?
Hibernate: select r1_0.id,r1_0.calories,r1_0.cooking_time,r1_0.cuisine,r1_0.description,r1_0.diet_type,r1_0.image_url,r1_0.ingredients,r1_0.instructions,r1_0.meal_type,r1_0.price,r1_0.protein,r1_0.title from recipes r1_0 where r1_0.meal_type=?
Hibernate: select r1_0.id,r1_0.calories,r1_0.cooking_time,r1_0.cuisine,r1_0.description,r1_0.diet_type,r1_0.image_url,r1_0.ingredients,r1_0.instructions,r1_0.meal_type,r1_0.price,r1_0.protein,r1_0.title from recipes r1_0 where r1_0.meal_type=?
Hibernate: select r1_0.id,r1_0.calories,r1_0.cooking_time,r1_0.cuisine,r1_0.description,r1_0.diet_type,r1_0.image_url,r1_0.ingredients,r1_0.instructions,r1_0.meal_type,r1_0.price,r1_0.protein,r1_0.title from recipes r1_0 where r1_0.meal_type=?
Hibernate: select r1_0.id,r1_0.calories,r1_0.cooking_time,r1_0.cuisine,r1_0.description,r1_0.diet_type,r1_0.image_url,r1_0.ingredients,r1_0.instructions,r1_0.meal_type,r1_0.price,r1_0.protein,r1_0.title from recipes r1_0 where r1_0.meal_type=?
Hibernate: select r1_0.id,r1_0.calories,r1_0.cooking_time,r1_0.cuisine,r1_0.description,r1_0.diet_type,r1_0.image_url,r1_0.ingredients,r1_0.instructions,r1_0.meal_type,r1_0.price,r1_0.protein,r1_0.title from recipes r1_0 where r1_0.meal_type=?
Hibernate: select r1_0.id,r1_0.calories,r1_0.cooking_time,r1_0.cuisine,r1_0.description,r1_0.diet_type,r1_0.image_url,r1_0.ingredients,r1_0.instructions,r1_0.meal_type,r1_0.price,r1_0.protein,r1_0.title from recipes r1_0 where r1_0.meal_type=?
Hibernate: select r1_0.id,r1_0.calories,r1_0.cooking_time,r1_0.cuisine,r1_0.description,r1_0.diet_type,r1_0.image_url,r1_0.ingredients,r1_0.instructions,r1_0.meal_type,r1_0.price,r1_0.protein,r1_0.title from recipes r1_0 where r1_0.meal_type=?
Hibernate: select r1_0.id,r1_0.calories,r1_0.cooking_time,r1_0.cuisine,r1_0.description,r1_0.diet_type,r1_0.image_url,r1_0.ingredients,r1_0.instructions,r1_0.meal_type,r1_0.price,r1_0.protein,r1_0.title from recipes r1_0 where r1_0.meal_type=?
]]></system-out>
  </testcase>
</testsuite>